<?xml version="1.0" encoding="UTF-8" ?>
<testsuite tests="18" failures="0" name="holapepino.RunCucumberTest" time="0.011" errors="0" skipped="0">
  <properties>
    <property name="java.runtime.name" value="Java(TM) SE Runtime Environment"/>
    <property name="java.vm.version" value="13.0.1+9"/>
    <property name="sun.boot.library.path" value="C:\Program Files\Java\jdk-13.0.1\bin"/>
    <property name="maven.multiModuleProjectDirectory" value="C:/Users/MarianoOyChan/projects/holapepino"/>
    <property name="java.vm.vendor" value="Oracle Corporation"/>
    <property name="java.vendor.url" value="https://java.oracle.com/"/>
    <property name="guice.disable.misplaced.annotation.check" value="true"/>
    <property name="path.separator" value=";"/>
    <property name="java.vm.name" value="Java HotSpot(TM) 64-Bit Server VM"/>
    <property name="sun.os.patch.level" value=""/>
    <property name="user.script" value=""/>
    <property name="user.country" value="US"/>
    <property name="sun.java.launcher" value="SUN_STANDARD"/>
    <property name="java.vm.specification.name" value="Java Virtual Machine Specification"/>
    <property name="user.dir" value="C:\Users\MarianoOyChan\projects\holapepino"/>
    <property name="java.vm.compressedOopsMode" value="32-bit"/>
    <property name="java.runtime.version" value="13.0.1+9"/>
    <property name="os.arch" value="amd64"/>
    <property name="java.io.tmpdir" value="C:\Users\MARIAN~1\AppData\Local\Temp\"/>
    <property name="line.separator" value="
"/>
    <property name="java.vm.specification.vendor" value="Oracle Corporation"/>
    <property name="user.variant" value=""/>
    <property name="os.name" value="Windows 10"/>
    <property name="classworlds.conf" value="C:/Program Files/apache-maven-3.6.2/bin/m2.conf"/>
    <property name="sun.jnu.encoding" value="Cp1252"/>
    <property name="java.library.path" value="C:\Program Files\Java\jdk-13.0.1\bin;C:\Windows\Sun\Java\bin;C:\Windows\system32;C:\Windows;C:\Users\MarianoOyChan\bin;C:\Program Files\Git\mingw64\bin;C:\Program Files\Git\usr\local\bin;C:\Program Files\Git\usr\bin;C:\Program Files\Git\usr\bin;C:\Program Files\Git\mingw64\bin;C:\Program Files\Git\usr\bin;C:\Users\MarianoOyChan\bin;C:\Windows\system32;C:\Windows;C:\Windows\System32\Wbem;C:\Windows\System32\WindowsPowerShell\v1.0;C:\Windows\System32\OpenSSH;C:\Program Files\Git\cmd;C:\Program Files\Java\jdk-13.0.1\bin;C:\Program Files\apache-maven-3.6.2\bin;C:\Users\MarianoOyChan\AppData\Local\Microsoft\WindowsApps;C:\Program Files\JetBrains\IntelliJ IDEA Community Edition 2019.2.3\bin;C:\Program Files\Git\usr\bin\vendor_perl;C:\Program Files\Git\usr\bin\core_perl;."/>
    <property name="maven.conf" value="C:/Program Files/apache-maven-3.6.2/conf"/>
    <property name="jdk.debug" value="release"/>
    <property name="java.class.version" value="57.0"/>
    <property name="java.specification.name" value="Java Platform API Specification"/>
    <property name="sun.management.compiler" value="HotSpot 64-Bit Tiered Compilers"/>
    <property name="os.version" value="10.0"/>
    <property name="library.jansi.path" value="C:/Program Files/apache-maven-3.6.2/lib/jansi-native"/>
    <property name="user.home" value="C:\Users\MarianoOyChan"/>
    <property name="user.timezone" value="America/Mexico_City"/>
    <property name="file.encoding" value="Cp1252"/>
    <property name="java.specification.version" value="13"/>
    <property name="user.name" value="MarianoOyChan"/>
    <property name="java.class.path" value="C:/Program Files/apache-maven-3.6.2/boot/plexus-classworlds-2.6.0.jar"/>
    <property name="java.vm.specification.version" value="13"/>
    <property name="sun.arch.data.model" value="64"/>
    <property name="sun.java.command" value="org.codehaus.plexus.classworlds.launcher.Launcher test"/>
    <property name="java.home" value="C:\Program Files\Java\jdk-13.0.1"/>
    <property name="user.language" value="en"/>
    <property name="java.specification.vendor" value="Oracle Corporation"/>
    <property name="java.vm.info" value="mixed mode, sharing"/>
    <property name="java.version" value="13.0.1"/>
    <property name="java.vendor" value="Oracle Corporation"/>
    <property name="maven.home" value="C:\Program Files\apache-maven-3.6.2"/>
    <property name="file.separator" value="\"/>
    <property name="java.version.date" value="2019-10-15"/>
    <property name="java.vendor.url.bug" value="https://bugreport.java.com/bugreport/"/>
    <property name="sun.io.unicode.encoding" value="UnicodeLittle"/>
    <property name="sun.cpu.endian" value="little"/>
    <property name="sun.cpu.isalist" value="amd64"/>
  </properties>
  <testcase classname="Is it Friday yet?" name="Today is or is not Friday" time="0.006"/>
  <testcase classname="Is it Friday yet?" name="Today is or is not Friday" time="0"/>
  <testcase classname="Is it Friday yet?" name="Today is or is not Friday" time="0"/>
  <testcase classname="Is it Friday yet?" name="Successful Login" time="0"/>
  <testcase classname="Is it Friday yet?" name="UnSuccessful Login" time="0"/>
  <testcase classname="Is it Friday yet?" name="Add a product to bag" time="0"/>
  <testcase classname="Is it Friday yet?" name="Add multiple product to bag" time="0"/>
  <testcase classname="Is it Friday yet?" name="Remove a product from bag" time="0"/>
  <testcase classname="Is it Friday yet?" name="Remove all products from bag" time="0"/>
  <testcase classname="Is it Friday yet?" name="Increase product quantity from bag page" time="0"/>
  <testcase classname="Is it Friday yet?" name="Decrease product quantity from bag page" time="0.001"/>
  <testcase classname="Is it Friday yet?" name="Buy a product with cash payment" time="0.001"/>
  <testcase classname="Is it Friday yet?" name="Buy a product with CC payment" time="0"/>
  <testcase classname="Is it Friday yet?" name="Payment declined" time="0"/>
  <testcase classname="Is it Friday yet?" name="Payment declined" time="0.001"/>
  <testcase classname="Is it Friday yet?" name="Payment declined" time="0.001"/>
  <testcase classname="Is it Friday yet?" name="Payment declined" time="0"/>
  <testcase classname="Is it Friday yet?" name="Payment declined" time="0.001"/>
</testsuite>